<?xml version="1.0" encoding="UTF-8"?>
<!-- Generated by org.testng.reporters.JUnitReportReporter -->
<testsuite hostname="DESKTOP-NCHRHGP" failures="0" tests="1" name="generalPrograms.AlertTest" time="26.973" errors="0" timestamp="2021-07-21T12:49:30 IST" skipped="0">
  <testcase classname="generalPrograms.AlertTest" name="AlertDemo" time="26.973"/>
  <system-out/>
</testsuite> <!-- generalPrograms.AlertTest -->
