<?xml version="1.0" encoding="UTF-8"?>
<!-- Generated by org.testng.reporters.JUnitReportReporter -->
<testsuite hostname="DESKTOP-NCHRHGP" failures="0" tests="1" name="generalPrograms.Sync" time="20.733" errors="0" timestamp="2021-06-03T15:45:05 IST" skipped="0">
  <testcase classname="generalPrograms.Sync" name="Synchronization" time="20.733"/>
  <system-out/>
</testsuite> <!-- generalPrograms.Sync -->
