<?xml version="1.0" encoding="UTF-8"?>
<!-- Generated by org.testng.reporters.JUnitReportReporter -->
<testsuite hostname="DESKTOP-NCHRHGP" failures="0" tests="1" name="generalPrograms.UploadTest_SK" time="18.512" errors="0" timestamp="2021-06-11T13:00:13 IST" skipped="0">
  <testcase classname="generalPrograms.UploadTest_SK" name="uploadTest" time="18.512"/>
  <system-out/>
</testsuite> <!-- generalPrograms.UploadTest_SK -->
