<?xml version="1.0" encoding="UTF-8"?>
<!-- Generated by org.testng.reporters.JUnitReportReporter -->
<testsuite hostname="DESKTOP-NCHRHGP" failures="0" tests="1" name="generalPrograms.UploadSK" time="4.522" errors="0" timestamp="2021-06-09T12:51:23 IST" skipped="0">
  <testcase classname="generalPrograms.UploadSK" name="UploadTest" time="4.522"/>
  <system-out/>
</testsuite> <!-- generalPrograms.UploadSK -->
