<?xml version="1.0" encoding="UTF-8"?>
<!-- Generated by org.testng.reporters.JUnitReportReporter -->
<testsuite hostname="DESKTOP-NCHRHGP" failures="0" tests="1" name="generalPrograms.TakeScreenShotMethod" time="0.382" errors="0" timestamp="2021-07-22T13:22:19 IST" skipped="0">
  <testcase classname="generalPrograms.TakeScreenShotMethod" name="testRun" time="0.382"/>
  <system-out/>
</testsuite> <!-- generalPrograms.TakeScreenShotMethod -->
