<?xml version="1.0" encoding="UTF-8"?>
<!-- Generated by org.testng.reporters.JUnitReportReporter -->
<testsuite hostname="DESKTOP-NCHRHGP" failures="0" tests="1" name="generalPrograms.AlertDemo" time="10.144" errors="0" timestamp="2021-07-22T12:55:45 IST" skipped="0">
  <testcase classname="generalPrograms.AlertDemo" name="AlertTest" time="10.144"/>
  <system-out/>
</testsuite> <!-- generalPrograms.AlertDemo -->
