<?xml version="1.0" encoding="UTF-8"?>
<!-- Generated by org.testng.reporters.JUnitReportReporter -->
<testsuite hostname="DESKTOP-NCHRHGP" failures="0" tests="2" name="rerunTest_method3.Test2" time="0.011" errors="0" timestamp="2021-07-26T19:43:08 IST" skipped="0">
  <testcase classname="rerunTest_method3.Test2" name="TestMethod4" time="0.001"/>
  <system-out/>
  <testcase classname="rerunTest_method3.Test2" name="TestMethod3" time="0.010"/>
  <system-out/>
</testsuite> <!-- rerunTest_method3.Test2 -->
