<?xml version="1.0" encoding="UTF-8"?>
<!-- Generated by org.testng.reporters.JUnitReportReporter -->
<testsuite hostname="DESKTOP-NCHRHGP" failures="0" tests="1" name="generalPrograms.ExplicitWaitDemo2" time="20.600" errors="0" timestamp="2021-06-03T16:04:10 IST" skipped="0">
  <testcase classname="generalPrograms.ExplicitWaitDemo2" name="Synchronization" time="20.600"/>
  <system-out/>
</testsuite> <!-- generalPrograms.ExplicitWaitDemo2 -->
