<?xml version="1.0" encoding="UTF-8"?>
<!-- Generated by org.testng.reporters.JUnitReportReporter -->
<testsuite hostname="DESKTOP-NCHRHGP" failures="0" tests="1" name="rerunTest_method3.ExtentReportClass" time="0.605" errors="0" timestamp="2021-07-27T17:24:22 IST" skipped="0">
  <testcase classname="rerunTest_method3.ExtentReportClass" name="MyFirstReport" time="0.605"/>
  <system-out/>
</testsuite> <!-- rerunTest_method3.ExtentReportClass -->
