<?xml version="1.0" encoding="UTF-8"?>
<!-- Generated by org.testng.reporters.JUnitReportReporter -->
<testsuite hostname="DESKTOP-NCHRHGP" failures="0" tests="2" name="rerunTestMethod2.Test2" time="0.003" errors="0" timestamp="2021-05-26T12:19:39 IST" skipped="0">
  <testcase classname="rerunTestMethod2.Test2" name="TestMethod3" time="0.001"/>
  <system-out/>
  <testcase classname="rerunTestMethod2.Test2" name="TestMethod4" time="0.002"/>
  <system-out/>
</testsuite> <!-- rerunTestMethod2.Test2 -->
