<?xml version="1.0" encoding="UTF-8"?>
<!-- Generated by org.testng.reporters.JUnitReportReporter -->
<testsuite hostname="DESKTOP-NCHRHGP" failures="0" tests="2" name="Del_IT.Test2" time="0.018" errors="0" timestamp="2021-05-26T13:27:01 IST" skipped="0">
  <testcase classname="Del_IT.Test2" name="TestMethod4" time="0.001"/>
  <system-out/>
  <testcase classname="Del_IT.Test2" name="TestMethod3" time="0.017"/>
  <system-out/>
</testsuite> <!-- Del_IT.Test2 -->
