<?xml version="1.0" encoding="UTF-8"?>
<!-- Generated by org.testng.reporters.JUnitReportReporter -->
<testsuite hostname="DESKTOP-NCHRHGP" failures="0" tests="1" name="generalPrograms.TestScreenshot" time="15.739" errors="0" timestamp="2021-07-22T21:16:46 IST" skipped="0">
  <testcase classname="generalPrograms.TestScreenshot" name="TestCheck" time="15.739"/>
  <system-out/>
</testsuite> <!-- generalPrograms.TestScreenshot -->
