<?xml version="1.0" encoding="UTF-8"?>
<!-- Generated by org.testng.reporters.JUnitReportReporter -->
<testsuite hostname="DESKTOP-NCHRHGP" failures="0" tests="1" name="generalPrograms.ImplicitWaitDemo" time="20.952" errors="0" timestamp="2021-07-17T14:46:17 IST" skipped="0">
  <testcase classname="generalPrograms.ImplicitWaitDemo" name="Synchronization" time="20.952"/>
  <system-out/>
</testsuite> <!-- generalPrograms.ImplicitWaitDemo -->
