<?xml version="1.0" encoding="UTF-8"?>
<!-- Generated by org.testng.reporters.JUnitReportReporter -->
<testsuite hostname="DESKTOP-NCHRHGP" failures="0" tests="1" name="generalPrograms.ExplicitWaitDemo" time="20.936" errors="0" timestamp="2021-06-03T21:05:38 IST" skipped="0">
  <testcase classname="generalPrograms.ExplicitWaitDemo" name="Synchronization" time="20.936"/>
  <system-out/>
</testsuite> <!-- generalPrograms.ExplicitWaitDemo -->
