<?xml version="1.0" encoding="UTF-8"?>
<!-- Generated by org.testng.reporters.JUnitReportReporter -->
<testsuite hostname="DESKTOP-NCHRHGP" failures="0" tests="1" name="generalPrograms.JSExec" time="8.104" errors="0" timestamp="2021-06-04T15:47:10 IST" skipped="0">
  <testcase classname="generalPrograms.JSExec" name="JavaScriptDemo" time="8.104"/>
  <system-out/>
</testsuite> <!-- generalPrograms.JSExec -->
