<?xml version="1.0" encoding="UTF-8"?>
<!-- Generated by org.testng.reporters.JUnitReportReporter -->
<testsuite hostname="DESKTOP-NCHRHGP" failures="0" tests="1" name="generalPrograms.JS" time="5.606" errors="0" timestamp="2021-06-11T17:01:43 IST" skipped="0">
  <testcase classname="generalPrograms.JS" name="testJS" time="5.606"/>
  <system-out/>
</testsuite> <!-- generalPrograms.JS -->
